\BOOKMARK [0][-]{chapter*.2}{Agradecimientos}{}% 1
\BOOKMARK [1][-]{chapter*.3}{Resumen}{chapter*.2}% 2
\BOOKMARK [0][-]{chapter*.4}{Lista de figuras}{}% 3
\BOOKMARK [0][-]{chapter*.5}{Lista de tablas}{}% 4
\BOOKMARK [0][-]{chapter.1}{Introducci\363n}{}% 5
\BOOKMARK [1][-]{section.1.1}{Planteamiento del problema}{chapter.1}% 6
\BOOKMARK [1][-]{section.1.2}{Objetivos}{chapter.1}% 7
\BOOKMARK [1][-]{section.1.3}{Inter\351s cient\355fico}{chapter.1}% 8
\BOOKMARK [0][-]{chapter.2}{Metodolog\355a}{}% 9
\BOOKMARK [1][-]{section.2.1}{Material}{chapter.2}% 10
\BOOKMARK [2][-]{subsection.2.1.1}{Criterios para considerar la inclusi\363n de los estudios.}{section.2.1}% 11
\BOOKMARK [1][-]{section.2.2}{M\351todos}{chapter.2}% 12
\BOOKMARK [2][-]{subsection.2.2.1}{\277Qu\351 es el metaan\341lisis?}{section.2.2}% 13
\BOOKMARK [2][-]{subsection.2.2.2}{Metaan\341lisis univariado.}{section.2.2}% 14
\BOOKMARK [2][-]{subsection.2.2.3}{Metaanalisis multivariado.}{section.2.2}% 15
\BOOKMARK [2][-]{subsection.2.2.4}{Correlaci\363n intra-estudios.}{section.2.2}% 16
\BOOKMARK [2][-]{subsection.2.2.5}{Valores perdidos y su tratamiento mediante imputaci\363n m\372ltiple \(MI\).}{section.2.2}% 17
\BOOKMARK [2][-]{subsection.2.2.6}{Creaci\363n de las matrices de correlaci\363n intra-estudios.}{section.2.2}% 18
\BOOKMARK [2][-]{subsection.2.2.7}{Metodolog\355a del trabajo de tesis doctoral.}{section.2.2}% 19
\BOOKMARK [0][-]{chapter.3}{Resultados}{}% 20
\BOOKMARK [1][-]{section.3.1}{secci\363n1}{chapter.3}% 21
\BOOKMARK [2][-]{subsection.3.1.1}{subsecci\363n1}{section.3.1}% 22
\BOOKMARK [0][-]{chapter.4}{Discusi\363n}{}% 23
\BOOKMARK [1][-]{section.4.1}{secci\363n1}{chapter.4}% 24
\BOOKMARK [2][-]{subsection.4.1.1}{subsecci\363n1}{section.4.1}% 25
\BOOKMARK [0][-]{chapter.5}{Conclusiones}{}% 26
\BOOKMARK [1][-]{section.5.1}{secci\363n1}{chapter.5}% 27
\BOOKMARK [2][-]{subsection.5.1.1}{subsecci\363n1}{section.5.1}% 28
\BOOKMARK [0][-]{chapter.6}{Bibliograf\355a}{}% 29
\BOOKMARK [0][-]{chapter.7}{Anexo 1. Programaci\363n de la simulaci\363n}{}% 30
\BOOKMARK [1][-]{section.7.1}{Simulaci\363n de estudios con datos individuales.}{chapter.7}% 31
\BOOKMARK [2][-]{subsection.7.1.1}{Escenario con dos outcomes en cada estudio.}{section.7.1}% 32
\BOOKMARK [1][-]{section.7.2}{Escenario con tres outcomes por estudio.}{chapter.7}% 33
\BOOKMARK [1][-]{section.7.3}{Escenario con cuatro outcomes por estudio.}{chapter.7}% 34
\BOOKMARK [1][-]{section.7.4}{Escenario con cinco outcomes por estudio.}{chapter.7}% 35
\BOOKMARK [1][-]{section.7.5}{Escenario con seis outcomes por estudio.}{chapter.7}% 36
\BOOKMARK [0][-]{chapter.8}{Anexo 2. Algoritmos de b\372squeda}{}% 37
\BOOKMARK [1][-]{section.8.1}{Cocharane \(CENTRAL\)}{chapter.8}% 38
\BOOKMARK [1][-]{section.8.2}{Medline}{chapter.8}% 39
\BOOKMARK [1][-]{section.8.3}{Embase}{chapter.8}% 40
\BOOKMARK [1][-]{section.8.4}{PsychINFO}{chapter.8}% 41
